<?xml version="1.0" encoding="UTF-8"?>
<mule xmlns:doc="http://www.mulesoft.org/schema/mule/documentation"
   xmlns:spring="http://www.springframework.org/schema/beans" xmlns:mulexml="http://www.mulesoft.org/schema/mule/xml"
   xmlns="http://www.mulesoft.org/schema/mule/core" xmlns:xsi="http://www.w3.org/2001/XMLSchema-instance"
   xmlns:vm="http://www.mulesoft.org/schema/mule/vm"
   xsi:schemaLocation="http://www.mulesoft.org/schema/mule/xml http://www.mulesoft.org/schema/mule/xml/current/mule-xml.xsd
http://www.mulesoft.org/schema/mule/core http://www.mulesoft.org/schema/mule/core/current/mule.xsd
http://www.mulesoft.org/schema/mule/vm http://www.mulesoft.org/schema/mule/vm/current/mule-vm.xsd
http://www.springframework.org/schema/beans http://www.springframework.org/schema/beans/spring-beans-current.xsd">

   <flow name="Test-Client-CXF-Encryption-CodeFirst">
      <flow-ref name="Client-CXF-Encryption-CodeFirst-Endpoint" doc:name="Code-First endpoint" />
      <response>
         <mulexml:object-to-xml-transformer
            doc:name="Object to XML" />
      </response>
   </flow>

   <flow name="Test-Client-CXF-Encryption-WSDLFirst">
      <flow-ref name="Client-CXF-Encryption-WSDLFirst-Endpoint" doc:name="WSDL-First endpoint" />
      <response>
         <flow-ref name="Transform-Response" doc:name="Transform to a valid response" />
      </response>
   </flow>

   <flow name="Test-Client-CXF-Encryption-Simple">
      <flow-ref name="Client-CXF-Encryption-Simple-Endpoint" doc:name="Simple endpoint" />
      <response>
         <mulexml:object-to-xml-transformer
            doc:name="Object to XML" />
      </response>
   </flow>

   <flow name="Test-Client-CXF-Encryption-Proxy">
      <flow-ref name="Client-CXF-Encryption-Proxy-Endpoint" doc:name="Proxy endpoint" />
      <response>
         <mulexml:object-to-xml-transformer
            doc:name="Object to XML" />
      </response>
   </flow>

</mule>
